<?xml version="1.0" encoding="UTF-8"?>
<!-- Generated by org.testng.reporters.JUnitReportReporter -->
<testsuite hostname="Eranda-HP" name="cse.maven.sample.NICAnalyzerTest" tests="2" failures="0" timestamp="12 Sep 2013 05:54:19 GMT" time="0.206" errors="0">
  <testcase name="NIC_Test1" time="0.205" classname="cse.maven.sample.NICAnalyzerTest"/>
  <testcase name="NIC_Test2" time="0.001" classname="cse.maven.sample.NICAnalyzerTest"/>
</testsuite> <!-- cse.maven.sample.NICAnalyzerTest -->
